2026-02-11 19:42:09,881 - INFO - [31m[1mWARNING: This is a development server. Do not use it in a production deployment. Use a production WSGI server instead.[0m
 * Running on http://127.0.0.1:5000
2026-02-11 19:42:09,881 - INFO - [33mPress CTRL+C to quit[0m
2026-02-11 19:42:09,883 - INFO -  * Restarting with stat
2026-02-11 19:42:10,661 - WARNING -  * Debugger is active!
2026-02-11 19:42:10,666 - INFO -  * Debugger PIN: 110-568-352
2026-02-11 19:43:08,522 - INFO - [31m[1mWARNING: This is a development server. Do not use it in a production deployment. Use a production WSGI server instead.[0m
 * Running on http://127.0.0.1:5000
2026-02-11 19:43:08,522 - INFO - [33mPress CTRL+C to quit[0m
2026-02-11 19:43:08,523 - INFO -  * Restarting with stat
2026-02-11 19:43:09,347 - WARNING -  * Debugger is active!
2026-02-11 19:43:09,351 - INFO -  * Debugger PIN: 110-568-352
2026-02-11 19:43:59,398 - INFO - [31m[1mWARNING: This is a development server. Do not use it in a production deployment. Use a production WSGI server instead.[0m
 * Running on http://127.0.0.1:5000
2026-02-11 19:43:59,398 - INFO - [33mPress CTRL+C to quit[0m
2026-02-11 19:43:59,399 - INFO -  * Restarting with stat
2026-02-11 19:44:00,159 - WARNING -  * Debugger is active!
2026-02-11 19:44:00,162 - INFO -  * Debugger PIN: 110-568-352
2026-02-11 20:22:05,162 - INFO - [31m[1mWARNING: This is a development server. Do not use it in a production deployment. Use a production WSGI server instead.[0m
 * Running on http://127.0.0.1:5000
2026-02-11 20:22:05,162 - INFO - [33mPress CTRL+C to quit[0m
2026-02-11 20:22:05,164 - INFO -  * Restarting with stat
2026-02-11 20:22:05,866 - WARNING -  * Debugger is active!
2026-02-11 20:22:05,869 - INFO -  * Debugger PIN: 110-568-352
2026-02-11 20:23:33,540 - INFO - [31m[1mWARNING: This is a development server. Do not use it in a production deployment. Use a production WSGI server instead.[0m
 * Running on http://127.0.0.1:5000
2026-02-11 20:23:33,540 - INFO - [33mPress CTRL+C to quit[0m
2026-02-11 20:23:33,541 - INFO -  * Restarting with stat
2026-02-11 20:23:34,241 - WARNING -  * Debugger is active!
2026-02-11 20:23:34,245 - INFO -  * Debugger PIN: 110-568-352
2026-02-11 20:41:14,276 - INFO - [31m[1mWARNING: This is a development server. Do not use it in a production deployment. Use a production WSGI server instead.[0m
 * Running on http://127.0.0.1:5000
2026-02-11 20:41:14,277 - INFO - [33mPress CTRL+C to quit[0m
2026-02-11 20:41:14,280 - INFO -  * Restarting with stat
2026-02-11 20:41:16,675 - WARNING -  * Debugger is active!
2026-02-11 20:41:16,683 - INFO -  * Debugger PIN: 110-568-352
2026-02-11 20:42:29,007 - INFO - [31m[1mWARNING: This is a development server. Do not use it in a production deployment. Use a production WSGI server instead.[0m
 * Running on http://127.0.0.1:5000
2026-02-11 20:42:29,008 - INFO - [33mPress CTRL+C to quit[0m
2026-02-11 20:42:29,009 - INFO -  * Restarting with stat
2026-02-11 20:42:29,937 - WARNING -  * Debugger is active!
2026-02-11 20:42:29,942 - INFO -  * Debugger PIN: 110-568-352
